SF:lib\app\view\app.dart
DA:12,1
DA:16,1
DA:18,1
DA:19,1
DA:26,5
DA:28,1
DA:30,1
DA:31,1
DA:33,1
LF:9
LH:9
end_of_record
SF:lib\l10n\l10n.dart
DA:7,0
LF:1
LH:0
end_of_record
SF:lib\home\cubit\client_state.dart
DA:10,11
DA:16,3
DA:17,6
LF:3
LH:3
end_of_record
SF:lib\home\cubit\client_cubit.dart
DA:11,6
DA:14,3
DA:15,6
LF:3
LH:3
end_of_record
SF:lib\home\view\home_page.dart
DA:14,5
DA:16,2
DA:18,2
DA:19,4
DA:31,4
DA:33,2
DA:35,2
DA:36,2
DA:37,4
DA:38,4
DA:41,2
DA:42,2
DA:43,4
DA:44,6
DA:45,4
DA:53,4
DA:56,2
DA:57,2
DA:59,2
DA:60,2
DA:71,2
DA:73,2
DA:75,2
DA:78,2
DA:79,2
DA:84,2
DA:85,2
DA:86,4
LF:28
LH:28
end_of_record
SF:lib\utilities\utilities.dart
DA:3,12
LF:1
LH:1
end_of_record
SF:lib\home\widgets\auth_management_buttons.dart
DA:10,3
DA:12,3
DA:14,6
DA:16,3
DA:17,3
DA:18,3
DA:31,4
DA:33,3
DA:35,3
DA:37,2
DA:42,1
DA:45,4
DA:47,3
DA:48,1
DA:49,2
DA:53,2
DA:59,4
DA:61,3
DA:63,3
DA:65,2
DA:70,1
DA:73,4
DA:74,4
DA:75,2
DA:77,2
DA:81,2
LF:26
LH:26
end_of_record
SF:lib\home\widgets\map.dart
DA:8,3
DA:13,3
DA:14,3
DA:21,3
DA:25,0
DA:26,0
DA:29,3
DA:31,6
DA:32,3
DA:33,6
DA:35,2
DA:36,4
DA:37,2
DA:38,2
DA:39,1
DA:40,1
DA:46,3
DA:47,3
DA:48,3
DA:49,3
DA:50,3
LF:21
LH:19
end_of_record
